2024-02-19 10:11:44 AM app start at: Mon Feb 19 2024 10:11:44 GMT+0700 (Indochina Time)
2024-02-19 10:16:43 AM app start at: Mon Feb 19 2024 10:16:43 GMT+0700 (Indochina Time)
2024-02-19 10:20:00 AM app tick at: Mon Feb 19 2024 10:20:00 GMT+0700 (Indochina Time)
2024-02-19 10:20:01 AM insert agg : Mon Feb 19 2024 10:20:01 GMT+0700 (Indochina Time)
2024-02-19 11:56:23 AM app start at: Mon Feb 19 2024 11:56:23 GMT+0700 (Indochina Time)
2024-02-19 11:56:54 AM app start at: Mon Feb 19 2024 11:56:54 GMT+0700 (Indochina Time)
2024-02-19 12:00:00 PM app tick at: Mon Feb 19 2024 12:00:00 GMT+0700 (Indochina Time)
2024-02-19 12:00:38 PM app start at: Mon Feb 19 2024 12:00:38 GMT+0700 (Indochina Time)
2024-02-19 12:10:00 PM app tick at: Mon Feb 19 2024 12:10:00 GMT+0700 (Indochina Time)
2024-02-19 12:20:00 PM app tick at: Mon Feb 19 2024 12:20:00 GMT+0700 (Indochina Time)
2024-02-19 12:30:00 PM app tick at: Mon Feb 19 2024 12:30:00 GMT+0700 (Indochina Time)
2024-02-19 12:39:53 PM app start at: Mon Feb 19 2024 12:39:53 GMT+0700 (Indochina Time)
2024-02-19 12:40:00 PM app tick at: Mon Feb 19 2024 12:40:00 GMT+0700 (Indochina Time)
2024-02-19 12:50:00 PM app tick at: Mon Feb 19 2024 12:50:00 GMT+0700 (Indochina Time)
2024-02-19 1:00:00 PM app tick at: Mon Feb 19 2024 13:00:00 GMT+0700 (Indochina Time)
2024-02-19 1:10:00 PM app tick at: Mon Feb 19 2024 13:10:00 GMT+0700 (Indochina Time)
2024-02-19 1:20:00 PM app tick at: Mon Feb 19 2024 13:20:00 GMT+0700 (Indochina Time)
2024-02-19 3:46:37 PM app start at: Mon Feb 19 2024 15:46:37 GMT+0700 (Indochina Time)
2024-02-19 3:47:19 PM app start at: Mon Feb 19 2024 15:47:19 GMT+0700 (Indochina Time)
2024-02-19 3:50:00 PM app tick at: Mon Feb 19 2024 15:50:00 GMT+0700 (Indochina Time)
2024-02-19 4:00:00 PM app tick at: Mon Feb 19 2024 16:00:00 GMT+0700 (Indochina Time)
2024-02-19 4:10:00 PM app tick at: Mon Feb 19 2024 16:10:00 GMT+0700 (Indochina Time)
2024-02-19 4:12:42 PM app start at: Mon Feb 19 2024 16:12:42 GMT+0700 (Indochina Time)
2024-02-19 4:14:57 PM app start at: Mon Feb 19 2024 16:14:57 GMT+0700 (Indochina Time)
2024-02-19 4:20:00 PM app tick at: Mon Feb 19 2024 16:20:00 GMT+0700 (Indochina Time)
2024-02-19 4:20:20 PM app start at: Mon Feb 19 2024 16:20:20 GMT+0700 (Indochina Time)
2024-02-19 4:21:03 PM app start at: Mon Feb 19 2024 16:21:03 GMT+0700 (Indochina Time)
2024-02-19 4:21:16 PM app start at: Mon Feb 19 2024 16:21:16 GMT+0700 (Indochina Time)
2024-02-19 4:21:34 PM app start at: Mon Feb 19 2024 16:21:34 GMT+0700 (Indochina Time)
2024-02-19 4:30:00 PM app tick at: Mon Feb 19 2024 16:30:00 GMT+0700 (Indochina Time)
2024-02-19 4:40:00 PM app tick at: Mon Feb 19 2024 16:40:00 GMT+0700 (Indochina Time)
2024-02-19 4:40:15 PM app start at: Mon Feb 19 2024 16:40:15 GMT+0700 (Indochina Time)
2024-02-19 4:43:28 PM app start at: Mon Feb 19 2024 16:43:28 GMT+0700 (Indochina Time)
2024-02-19 4:43:44 PM app start at: Mon Feb 19 2024 16:43:44 GMT+0700 (Indochina Time)
2024-02-19 4:46:31 PM app start at: Mon Feb 19 2024 16:46:31 GMT+0700 (Indochina Time)
2024-02-19 4:49:25 PM app start at: Mon Feb 19 2024 16:49:25 GMT+0700 (Indochina Time)
2024-02-19 4:49:35 PM app start at: Mon Feb 19 2024 16:49:35 GMT+0700 (Indochina Time)
2024-02-19 4:49:56 PM app start at: Mon Feb 19 2024 16:49:56 GMT+0700 (Indochina Time)
2024-02-19 4:50:00 PM app tick at: Mon Feb 19 2024 16:50:00 GMT+0700 (Indochina Time)
2024-02-19 4:50:15 PM app start at: Mon Feb 19 2024 16:50:15 GMT+0700 (Indochina Time)
2024-02-19 4:50:23 PM app start at: Mon Feb 19 2024 16:50:23 GMT+0700 (Indochina Time)
2024-02-19 4:50:32 PM app start at: Mon Feb 19 2024 16:50:32 GMT+0700 (Indochina Time)
2024-02-19 4:50:47 PM app start at: Mon Feb 19 2024 16:50:47 GMT+0700 (Indochina Time)
2024-02-19 4:55:50 PM app start at: Mon Feb 19 2024 16:55:50 GMT+0700 (Indochina Time)
2024-02-19 4:56:01 PM app start at: Mon Feb 19 2024 16:56:01 GMT+0700 (Indochina Time)
2024-02-19 4:56:41 PM app start at: Mon Feb 19 2024 16:56:41 GMT+0700 (Indochina Time)
2024-02-19 4:56:57 PM app start at: Mon Feb 19 2024 16:56:57 GMT+0700 (Indochina Time)
2024-02-19 4:57:45 PM app start at: Mon Feb 19 2024 16:57:45 GMT+0700 (Indochina Time)
2024-02-19 4:58:32 PM app start at: Mon Feb 19 2024 16:58:32 GMT+0700 (Indochina Time)
2024-02-19 5:00:00 PM app tick at: Mon Feb 19 2024 17:00:00 GMT+0700 (Indochina Time)
2024-02-19 5:00:26 PM app start at: Mon Feb 19 2024 17:00:26 GMT+0700 (Indochina Time)
2024-02-19 5:10:00 PM app tick at: Mon Feb 19 2024 17:10:00 GMT+0700 (Indochina Time)
2024-02-19 5:20:00 PM app tick at: Mon Feb 19 2024 17:20:00 GMT+0700 (Indochina Time)
2024-02-19 5:30:00 PM app tick at: Mon Feb 19 2024 17:30:00 GMT+0700 (Indochina Time)
2024-02-19 5:40:00 PM app tick at: Mon Feb 19 2024 17:40:00 GMT+0700 (Indochina Time)
2024-02-19 5:50:00 PM app tick at: Mon Feb 19 2024 17:50:00 GMT+0700 (Indochina Time)
