2024-06-17 11:29:52 AM app start at: Mon Jun 17 2024 11:29:52 GMT+0700 (Indochina Time)
2024-06-17 11:31:17 AM app start at: Mon Jun 17 2024 11:31:17 GMT+0700 (Indochina Time)
2024-06-17 11:31:53 AM app start at: Mon Jun 17 2024 11:31:53 GMT+0700 (Indochina Time)
2024-06-17 11:32:01 AM app start at: Mon Jun 17 2024 11:32:01 GMT+0700 (Indochina Time)
2024-06-17 11:32:35 AM app start at: Mon Jun 17 2024 11:32:35 GMT+0700 (Indochina Time)
2024-06-17 11:34:05 AM app start at: Mon Jun 17 2024 11:34:05 GMT+0700 (Indochina Time)
2024-06-17 11:34:05 AM app start at: Mon Jun 17 2024 11:34:05 GMT+0700 (Indochina Time)
2024-06-17 11:34:10 AM app start at: Mon Jun 17 2024 11:34:10 GMT+0700 (Indochina Time)
2024-06-17 11:34:54 AM app start at: Mon Jun 17 2024 11:34:54 GMT+0700 (Indochina Time)
2024-06-17 11:43:19 AM app start at: Mon Jun 17 2024 11:43:19 GMT+0700 (Indochina Time)
2024-06-17 11:45:00 AM app tick at: Mon Jun 17 2024 11:45:00 GMT+0700 (Indochina Time)
2024-06-17 11:45:56 AM app start at: Mon Jun 17 2024 11:45:56 GMT+0700 (Indochina Time)
2024-06-17 11:50:00 AM app tick at: Mon Jun 17 2024 11:50:00 GMT+0700 (Indochina Time)
2024-06-17 11:50:42 AM app start at: Mon Jun 17 2024 11:50:42 GMT+0700 (Indochina Time)
2024-06-17 11:55:00 AM app tick at: Mon Jun 17 2024 11:55:00 GMT+0700 (Indochina Time)
2024-06-17 12:00:00 PM app tick at: Mon Jun 17 2024 12:00:00 GMT+0700 (Indochina Time)
2024-06-17 12:05:00 PM app tick at: Mon Jun 17 2024 12:05:00 GMT+0700 (Indochina Time)
2024-06-17 12:10:00 PM app tick at: Mon Jun 17 2024 12:10:00 GMT+0700 (Indochina Time)
2024-06-17 12:15:00 PM app tick at: Mon Jun 17 2024 12:15:00 GMT+0700 (Indochina Time)
2024-06-17 12:20:00 PM app tick at: Mon Jun 17 2024 12:20:00 GMT+0700 (Indochina Time)
2024-06-17 12:25:00 PM app tick at: Mon Jun 17 2024 12:25:00 GMT+0700 (Indochina Time)
2024-06-17 12:30:00 PM app tick at: Mon Jun 17 2024 12:30:00 GMT+0700 (Indochina Time)
2024-06-17 12:35:00 PM app tick at: Mon Jun 17 2024 12:35:00 GMT+0700 (Indochina Time)
2024-06-17 12:40:00 PM app tick at: Mon Jun 17 2024 12:40:00 GMT+0700 (Indochina Time)
2024-06-17 12:45:00 PM app tick at: Mon Jun 17 2024 12:45:00 GMT+0700 (Indochina Time)
2024-06-17 12:50:00 PM app tick at: Mon Jun 17 2024 12:50:00 GMT+0700 (Indochina Time)
2024-06-17 12:55:00 PM app tick at: Mon Jun 17 2024 12:55:00 GMT+0700 (Indochina Time)
2024-06-17 1:00:00 PM app tick at: Mon Jun 17 2024 13:00:00 GMT+0700 (Indochina Time)
2024-06-17 1:05:00 PM app tick at: Mon Jun 17 2024 13:05:00 GMT+0700 (Indochina Time)
2024-06-17 1:10:00 PM app tick at: Mon Jun 17 2024 13:10:00 GMT+0700 (Indochina Time)
2024-06-17 1:15:00 PM app tick at: Mon Jun 17 2024 13:15:00 GMT+0700 (Indochina Time)
2024-06-17 1:34:51 PM app start at: Mon Jun 17 2024 13:34:51 GMT+0700 (Indochina Time)
2024-06-17 1:35:00 PM app tick at: Mon Jun 17 2024 13:35:00 GMT+0700 (Indochina Time)
2024-06-17 1:35:45 PM app start at: Mon Jun 17 2024 13:35:45 GMT+0700 (Indochina Time)
2024-06-17 1:36:00 PM app tick at: Mon Jun 17 2024 13:36:00 GMT+0700 (Indochina Time)
2024-06-17 1:36:32 PM app start at: Mon Jun 17 2024 13:36:32 GMT+0700 (Indochina Time)
2024-06-17 1:37:00 PM app tick at: Mon Jun 17 2024 13:37:00 GMT+0700 (Indochina Time)
2024-06-17 1:37:44 PM app start at: Mon Jun 17 2024 13:37:44 GMT+0700 (Indochina Time)
2024-06-17 1:38:00 PM app tick at: Mon Jun 17 2024 13:38:00 GMT+0700 (Indochina Time)
2024-06-17 1:41:17 PM app start at: Mon Jun 17 2024 13:41:17 GMT+0700 (Indochina Time)
2024-06-17 2:19:52 PM app start at: Mon Jun 17 2024 14:19:52 GMT+0700 (Indochina Time)
2024-06-17 2:20:00 PM app tick at: Mon Jun 17 2024 14:20:00 GMT+0700 (Indochina Time)
2024-06-17 2:20:00 PM insert agg not success!!!
2024-06-17 2:21:43 PM app start at: Mon Jun 17 2024 14:21:43 GMT+0700 (Indochina Time)
2024-06-17 2:22:00 PM app tick at: Mon Jun 17 2024 14:22:00 GMT+0700 (Indochina Time)
2024-06-17 2:22:00 PM insert agg not success!!!
2024-06-17 2:25:53 PM app start at: Mon Jun 17 2024 14:25:53 GMT+0700 (Indochina Time)
2024-06-17 2:26:00 PM app tick at: Mon Jun 17 2024 14:26:00 GMT+0700 (Indochina Time)
2024-06-17 2:26:00 PM insert agg not success!!!
2024-06-17 2:27:04 PM app start at: Mon Jun 17 2024 14:27:04 GMT+0700 (Indochina Time)
2024-06-17 2:28:00 PM app tick at: Mon Jun 17 2024 14:28:00 GMT+0700 (Indochina Time)
2024-06-17 2:28:00 PM insert agg not success!!!
2024-06-17 2:30:19 PM app start at: Mon Jun 17 2024 14:30:19 GMT+0700 (Indochina Time)
2024-06-17 2:31:00 PM app tick at: Mon Jun 17 2024 14:31:00 GMT+0700 (Indochina Time)
2024-06-17 2:31:00 PM insert agg not success!!!
2024-06-17 2:32:11 PM app start at: Mon Jun 17 2024 14:32:11 GMT+0700 (Indochina Time)
2024-06-17 2:33:00 PM app tick at: Mon Jun 17 2024 14:33:00 GMT+0700 (Indochina Time)
2024-06-17 2:33:00 PM insert agg not success!!!
2024-06-17 2:37:36 PM app start at: Mon Jun 17 2024 14:37:36 GMT+0700 (Indochina Time)
2024-06-17 2:38:00 PM app tick at: Mon Jun 17 2024 14:38:00 GMT+0700 (Indochina Time)
2024-06-17 2:38:00 PM insert agg not success!!!
2024-06-17 2:38:40 PM app start at: Mon Jun 17 2024 14:38:40 GMT+0700 (Indochina Time)
2024-06-17 2:39:00 PM app tick at: Mon Jun 17 2024 14:39:00 GMT+0700 (Indochina Time)
2024-06-17 2:39:00 PM insert agg : Mon Jun 17 2024 14:39:00 GMT+0700 (Indochina Time)
2024-06-17 2:39:32 PM app start at: Mon Jun 17 2024 14:39:32 GMT+0700 (Indochina Time)
2024-06-17 2:40:00 PM app tick at: Mon Jun 17 2024 14:40:00 GMT+0700 (Indochina Time)
2024-06-17 2:40:00 PM insert agg success : Mon Jun 17 2024 14:40:00 GMT+0700 (Indochina Time)
